This file contains any messages produced by compilers while
running configure, to aid debugging if configure makes a mistake.

It was created by h264_mt configure 0.1, which was
generated by GNU Autoconf 2.68.  Invocation command line was

  $ ../h264dec/configure 

## --------- ##
## Platform. ##
## --------- ##

hostname = apache
uname -m = i686
uname -r = 1.0.17(0.48/3/2)
uname -s = MINGW32_NT-6.1
uname -v = 2011-04-24 23:39

/usr/bin/uname -p = unknown
/bin/uname -X     = unknown

/bin/arch              = unknown
/usr/bin/arch -k       = unknown
/usr/convex/getsysinfo = unknown
/usr/bin/hostinfo      = unknown
/bin/machine           = unknown
/usr/bin/oslevel       = unknown
/bin/universe          = unknown

PATH: .
PATH: /usr/local/bin
PATH: /mingw/bin
PATH: /bin
PATH: /c/python27
PATH: /c/python27/scripts
PATH: /c/MinGW64/x86_64-w64-mingw32/bin
PATH: /mingw/bin
PATH: /c/Program Files/Common Files/Microsoft Shared/Windows Live
PATH: /c/Program Files (x86)/Common Files/Microsoft Shared/Windows Live
PATH: /c/Program Files (x86)/Intel/iCLS Client/
PATH: /c/Program Files/Intel/iCLS Client/
PATH: /c/windows/system32
PATH: /c/windows
PATH: /c/windows/System32/Wbem
PATH: /c/windows/System32/WindowsPowerShell/v1.0/
PATH: /c/Program Files/Intel/Intel(R) Management Engine Components/DAL
PATH: /c/Program Files/Intel/Intel(R) Management Engine Components/IPT
PATH: /c/Program Files (x86)/Intel/Intel(R) Management Engine Components/DAL
PATH: /c/Program Files (x86)/Intel/Intel(R) Management Engine Components/IPT
PATH: /c/Program Files (x86)/Intel/OpenCL SDK/2.0/bin/x86
PATH: /c/Program Files (x86)/Intel/OpenCL SDK/2.0/bin/x64
PATH: /c/Program Files/Intel/WiFi/bin/
PATH: /c/Program Files/Common Files/Intel/WirelessCommon/
PATH: /c/Program Files/Diskeeper Corporation/ExpressCache/
PATH: /c/Program Files (x86)/Windows Live/Shared
PATH: /c/Program Files (x86)/Intel/OpenCL SDK/3.0/bin/x86
PATH: /c/Program Files (x86)/Intel/OpenCL SDK/3.0/bin/x64
PATH: /c/Program Files (x86)/Microsoft SQL Server/90/Tools/binn/
PATH: /c/Program Files/Calibre2/
PATH:  


## ----------- ##
## Core tests. ##
## ----------- ##

configure:2253: checking for a BSD-compatible install
configure:2321: result: /bin/install -c
configure:2332: checking whether build environment is sane
configure:2382: result: yes
configure:2523: checking for a thread-safe mkdir -p
configure:2562: result: /bin/mkdir -p
configure:2575: checking for gawk
configure:2591: found /bin/gawk
configure:2602: result: gawk
configure:2613: checking whether make sets $(MAKE)
configure:2635: result: yes
configure:2760: checking for ranlib
configure:2776: found /mingw/bin/ranlib
configure:2787: result: ranlib
configure:2823: checking for style of include used by make
configure:2851: result: GNU
configure:2921: checking for gcc
configure:2937: found /mingw/bin/gcc
configure:2948: result: gcc
configure:3177: checking for C compiler version
configure:3186: gcc --version >&5
gcc.exe (GCC) 4.6.2
Copyright (C) 2011 Free Software Foundation, Inc.
This is free software; see the source for copying conditions.  There is NO
warranty; not even for MERCHANTABILITY or FITNESS FOR A PARTICULAR PURPOSE.

configure:3197: $? = 0
configure:3186: gcc -v >&5
Using built-in specs.
COLLECT_GCC=c:\mingw\bin\gcc.exe
COLLECT_LTO_WRAPPER=c:/mingw/bin/../libexec/gcc/mingw32/4.6.2/lto-wrapper.exe
Target: mingw32
Configured with: ../gcc-4.6.2/configure --enable-languages=c,c++,ada,fortran,objc,obj-c++ --disable-sjlj-exceptions --with-dwarf2 --enable-shared --enable-libgomp --disable-win32-registry --enable-libstdcxx-debug --enable-version-specific-runtime-libs --build=mingw32 --prefix=/mingw
Thread model: win32
gcc version 4.6.2 (GCC) 
configure:3197: $? = 0
configure:3186: gcc -V >&5
gcc.exe: error: unrecognized option '-V'
gcc.exe: fatal error: no input files
compilation terminated.
configure:3197: $? = 1
configure:3186: gcc -qversion >&5
gcc.exe: error: unrecognized option '-qversion'
gcc.exe: fatal error: no input files
compilation terminated.
configure:3197: $? = 1
configure:3217: checking whether the C compiler works
configure:3239: gcc    conftest.c  >&5
configure:3243: $? = 0
configure:3291: result: yes
configure:3294: checking for C compiler default output file name
configure:3296: result: a.exe
configure:3302: checking for suffix of executables
configure:3309: gcc -o conftest.exe    conftest.c  >&5
configure:3313: $? = 0
configure:3335: result: .exe
configure:3357: checking whether we are cross compiling
configure:3365: gcc -o conftest.exe    conftest.c  >&5
configure:3369: $? = 0
configure:3376: ./conftest.exe
configure:3380: $? = 0
configure:3395: result: no
configure:3400: checking for suffix of object files
configure:3422: gcc -c   conftest.c >&5
configure:3426: $? = 0
configure:3447: result: o
configure:3451: checking whether we are using the GNU C compiler
configure:3470: gcc -c   conftest.c >&5
configure:3470: $? = 0
configure:3479: result: yes
configure:3488: checking whether gcc accepts -g
configure:3508: gcc -c -g  conftest.c >&5
configure:3508: $? = 0
configure:3549: result: yes
configure:3566: checking for gcc option to accept ISO C89
configure:3630: gcc  -c -g -O2  conftest.c >&5
configure:3630: $? = 0
configure:3643: result: none needed
configure:3665: checking dependency style of gcc
configure:3775: result: gcc3
configure:3796: checking how to run the C preprocessor
configure:3827: gcc -E  conftest.c
configure:3827: $? = 0
configure:3841: gcc -E  conftest.c
conftest.c:11:28: fatal error: ac_nonexistent.h: No such file or directory
compilation terminated.
configure:3841: $? = 1
configure: failed program was:
| /* confdefs.h */
| #define PACKAGE_NAME "h264_mt"
| #define PACKAGE_TARNAME "h264_mt"
| #define PACKAGE_VERSION "0.1"
| #define PACKAGE_STRING "h264_mt 0.1"
| #define PACKAGE_BUGREPORT "cchi@cs.tu-berlin.de"
| #define PACKAGE_URL ""
| #define PACKAGE "h264_mt"
| #define VERSION "0.1"
| /* end confdefs.h.  */
| #include <ac_nonexistent.h>
configure:3866: result: gcc -E
configure:3886: gcc -E  conftest.c
configure:3886: $? = 0
configure:3900: gcc -E  conftest.c
conftest.c:11:28: fatal error: ac_nonexistent.h: No such file or directory
compilation terminated.
configure:3900: $? = 1
configure: failed program was:
| /* confdefs.h */
| #define PACKAGE_NAME "h264_mt"
| #define PACKAGE_TARNAME "h264_mt"
| #define PACKAGE_VERSION "0.1"
| #define PACKAGE_STRING "h264_mt 0.1"
| #define PACKAGE_BUGREPORT "cchi@cs.tu-berlin.de"
| #define PACKAGE_URL ""
| #define PACKAGE "h264_mt"
| #define VERSION "0.1"
| /* end confdefs.h.  */
| #include <ac_nonexistent.h>
configure:3929: checking for grep that handles long lines and -e
configure:3987: result: /bin/grep
configure:3992: checking for egrep
configure:4054: result: /bin/grep -E
configure:4059: checking for ANSI C header files
configure:4079: gcc -c -g -O2  conftest.c >&5
configure:4079: $? = 0
configure:4152: gcc -o conftest.exe -g -O2   conftest.c  >&5
configure:4152: $? = 0
configure:4152: ./conftest.exe
configure:4152: $? = 0
configure:4163: result: yes
configure:4176: checking for sys/types.h
configure:4176: gcc -c -g -O2  conftest.c >&5
configure:4176: $? = 0
configure:4176: result: yes
configure:4176: checking for sys/stat.h
configure:4176: gcc -c -g -O2  conftest.c >&5
configure:4176: $? = 0
configure:4176: result: yes
configure:4176: checking for stdlib.h
configure:4176: gcc -c -g -O2  conftest.c >&5
configure:4176: $? = 0
configure:4176: result: yes
configure:4176: checking for string.h
configure:4176: gcc -c -g -O2  conftest.c >&5
configure:4176: $? = 0
configure:4176: result: yes
configure:4176: checking for memory.h
configure:4176: gcc -c -g -O2  conftest.c >&5
configure:4176: $? = 0
configure:4176: result: yes
configure:4176: checking for strings.h
configure:4176: gcc -c -g -O2  conftest.c >&5
configure:4176: $? = 0
configure:4176: result: yes
configure:4176: checking for inttypes.h
configure:4176: gcc -c -g -O2  conftest.c >&5
configure:4176: $? = 0
configure:4176: result: yes
configure:4176: checking for stdint.h
configure:4176: gcc -c -g -O2  conftest.c >&5
configure:4176: $? = 0
configure:4176: result: yes
configure:4176: checking for unistd.h
configure:4176: gcc -c -g -O2  conftest.c >&5
configure:4176: $? = 0
configure:4176: result: yes
configure:4189: checking minix/config.h usability
configure:4189: gcc -c -g -O2  conftest.c >&5
conftest.c:54:26: fatal error: minix/config.h: No such file or directory
compilation terminated.
configure:4189: $? = 1
configure: failed program was:
| /* confdefs.h */
| #define PACKAGE_NAME "h264_mt"
| #define PACKAGE_TARNAME "h264_mt"
| #define PACKAGE_VERSION "0.1"
| #define PACKAGE_STRING "h264_mt 0.1"
| #define PACKAGE_BUGREPORT "cchi@cs.tu-berlin.de"
| #define PACKAGE_URL ""
| #define PACKAGE "h264_mt"
| #define VERSION "0.1"
| #define STDC_HEADERS 1
| #define HAVE_SYS_TYPES_H 1
| #define HAVE_SYS_STAT_H 1
| #define HAVE_STDLIB_H 1
| #define HAVE_STRING_H 1
| #define HAVE_MEMORY_H 1
| #define HAVE_STRINGS_H 1
| #define HAVE_INTTYPES_H 1
| #define HAVE_STDINT_H 1
| #define HAVE_UNISTD_H 1
| /* end confdefs.h.  */
| #include <stdio.h>
| #ifdef HAVE_SYS_TYPES_H
| # include <sys/types.h>
| #endif
| #ifdef HAVE_SYS_STAT_H
| # include <sys/stat.h>
| #endif
| #ifdef STDC_HEADERS
| # include <stdlib.h>
| # include <stddef.h>
| #else
| # ifdef HAVE_STDLIB_H
| #  include <stdlib.h>
| # endif
| #endif
| #ifdef HAVE_STRING_H
| # if !defined STDC_HEADERS && defined HAVE_MEMORY_H
| #  include <memory.h>
| # endif
| # include <string.h>
| #endif
| #ifdef HAVE_STRINGS_H
| # include <strings.h>
| #endif
| #ifdef HAVE_INTTYPES_H
| # include <inttypes.h>
| #endif
| #ifdef HAVE_STDINT_H
| # include <stdint.h>
| #endif
| #ifdef HAVE_UNISTD_H
| # include <unistd.h>
| #endif
| #include <minix/config.h>
configure:4189: result: no
configure:4189: checking minix/config.h presence
configure:4189: gcc -E  conftest.c
conftest.c:21:26: fatal error: minix/config.h: No such file or directory
compilation terminated.
configure:4189: $? = 1
configure: failed program was:
| /* confdefs.h */
| #define PACKAGE_NAME "h264_mt"
| #define PACKAGE_TARNAME "h264_mt"
| #define PACKAGE_VERSION "0.1"
| #define PACKAGE_STRING "h264_mt 0.1"
| #define PACKAGE_BUGREPORT "cchi@cs.tu-berlin.de"
| #define PACKAGE_URL ""
| #define PACKAGE "h264_mt"
| #define VERSION "0.1"
| #define STDC_HEADERS 1
| #define HAVE_SYS_TYPES_H 1
| #define HAVE_SYS_STAT_H 1
| #define HAVE_STDLIB_H 1
| #define HAVE_STRING_H 1
| #define HAVE_MEMORY_H 1
| #define HAVE_STRINGS_H 1
| #define HAVE_INTTYPES_H 1
| #define HAVE_STDINT_H 1
| #define HAVE_UNISTD_H 1
| /* end confdefs.h.  */
| #include <minix/config.h>
configure:4189: result: no
configure:4189: checking for minix/config.h
configure:4189: result: no
configure:4210: checking whether it is safe to define __EXTENSIONS__
configure:4228: gcc -c -g -O2  conftest.c >&5
configure:4228: $? = 0
configure:4235: result: yes
configure:4298: checking for gcc
configure:4325: result: gcc
configure:4554: checking for C compiler version
configure:4563: gcc --version >&5
gcc.exe (GCC) 4.6.2
Copyright (C) 2011 Free Software Foundation, Inc.
This is free software; see the source for copying conditions.  There is NO
warranty; not even for MERCHANTABILITY or FITNESS FOR A PARTICULAR PURPOSE.

configure:4574: $? = 0
configure:4563: gcc -v >&5
Using built-in specs.
COLLECT_GCC=c:\mingw\bin\gcc.exe
COLLECT_LTO_WRAPPER=c:/mingw/bin/../libexec/gcc/mingw32/4.6.2/lto-wrapper.exe
Target: mingw32
Configured with: ../gcc-4.6.2/configure --enable-languages=c,c++,ada,fortran,objc,obj-c++ --disable-sjlj-exceptions --with-dwarf2 --enable-shared --enable-libgomp --disable-win32-registry --enable-libstdcxx-debug --enable-version-specific-runtime-libs --build=mingw32 --prefix=/mingw
Thread model: win32
gcc version 4.6.2 (GCC) 
configure:4574: $? = 0
configure:4563: gcc -V >&5
gcc.exe: error: unrecognized option '-V'
gcc.exe: fatal error: no input files
compilation terminated.
configure:4574: $? = 1
configure:4563: gcc -qversion >&5
gcc.exe: error: unrecognized option '-qversion'
gcc.exe: fatal error: no input files
compilation terminated.
configure:4574: $? = 1
configure:4578: checking whether we are using the GNU C compiler
configure:4606: result: yes
configure:4615: checking whether gcc accepts -g
configure:4676: result: yes
configure:4693: checking for gcc option to accept ISO C89
configure:4770: result: none needed
configure:4792: checking dependency style of gcc
configure:4902: result: gcc3
configure:4939: checking for pthread_yield in -lpthread
configure:4964: gcc -o conftest.exe -g -O2   conftest.c -lpthread   >&5
C:\Users\biaowang\AppData\Local\Temp\ccs9TCLn.o: In function `main':
C:\MinGW\msys\1.0\home\biaowang\ffmpeg_smp\build/conftest.c:38: undefined reference to `pthread_yield'
collect2: ld returned 1 exit status
configure:4964: $? = 1
configure: failed program was:
| /* confdefs.h */
| #define PACKAGE_NAME "h264_mt"
| #define PACKAGE_TARNAME "h264_mt"
| #define PACKAGE_VERSION "0.1"
| #define PACKAGE_STRING "h264_mt 0.1"
| #define PACKAGE_BUGREPORT "cchi@cs.tu-berlin.de"
| #define PACKAGE_URL ""
| #define PACKAGE "h264_mt"
| #define VERSION "0.1"
| #define STDC_HEADERS 1
| #define HAVE_SYS_TYPES_H 1
| #define HAVE_SYS_STAT_H 1
| #define HAVE_STDLIB_H 1
| #define HAVE_STRING_H 1
| #define HAVE_MEMORY_H 1
| #define HAVE_STRINGS_H 1
| #define HAVE_INTTYPES_H 1
| #define HAVE_STDINT_H 1
| #define HAVE_UNISTD_H 1
| #define __EXTENSIONS__ 1
| #define _ALL_SOURCE 1
| #define _GNU_SOURCE 1
| #define _POSIX_PTHREAD_SEMANTICS 1
| #define _TANDEM_SOURCE 1
| #define OMPSS 0
| /* end confdefs.h.  */
| 
| /* Override any GCC internal prototype to avoid an error.
|    Use char because int might match the return type of a GCC
|    builtin and then its argument prototype would still apply.  */
| #ifdef __cplusplus
| extern "C"
| #endif
| char pthread_yield ();
| int
| main ()
| {
| return pthread_yield ();
|   ;
|   return 0;
| }
configure:4973: result: no
configure:4984: checking for spe_image_open in -lspe2
configure:5009: gcc -o conftest.exe -g -O2   conftest.c -lspe2   >&5
c:/mingw/bin/../lib/gcc/mingw32/4.6.2/../../../../mingw32/bin/ld.exe: cannot find -lspe2
collect2: ld returned 1 exit status
configure:5009: $? = 1
configure: failed program was:
| /* confdefs.h */
| #define PACKAGE_NAME "h264_mt"
| #define PACKAGE_TARNAME "h264_mt"
| #define PACKAGE_VERSION "0.1"
| #define PACKAGE_STRING "h264_mt 0.1"
| #define PACKAGE_BUGREPORT "cchi@cs.tu-berlin.de"
| #define PACKAGE_URL ""
| #define PACKAGE "h264_mt"
| #define VERSION "0.1"
| #define STDC_HEADERS 1
| #define HAVE_SYS_TYPES_H 1
| #define HAVE_SYS_STAT_H 1
| #define HAVE_STDLIB_H 1
| #define HAVE_STRING_H 1
| #define HAVE_MEMORY_H 1
| #define HAVE_STRINGS_H 1
| #define HAVE_INTTYPES_H 1
| #define HAVE_STDINT_H 1
| #define HAVE_UNISTD_H 1
| #define __EXTENSIONS__ 1
| #define _ALL_SOURCE 1
| #define _GNU_SOURCE 1
| #define _POSIX_PTHREAD_SEMANTICS 1
| #define _TANDEM_SOURCE 1
| #define OMPSS 0
| /* end confdefs.h.  */
| 
| /* Override any GCC internal prototype to avoid an error.
|    Use char because int might match the return type of a GCC
|    builtin and then its argument prototype would still apply.  */
| #ifdef __cplusplus
| extern "C"
| #endif
| char spe_image_open ();
| int
| main ()
| {
| return spe_image_open ();
|   ;
|   return 0;
| }
configure:5018: result: no
configure:5029: checking for mutex_init in -lsync
configure:5054: gcc -o conftest.exe -g -O2   conftest.c -lsync   >&5
c:/mingw/bin/../lib/gcc/mingw32/4.6.2/../../../../mingw32/bin/ld.exe: cannot find -lsync
collect2: ld returned 1 exit status
configure:5054: $? = 1
configure: failed program was:
| /* confdefs.h */
| #define PACKAGE_NAME "h264_mt"
| #define PACKAGE_TARNAME "h264_mt"
| #define PACKAGE_VERSION "0.1"
| #define PACKAGE_STRING "h264_mt 0.1"
| #define PACKAGE_BUGREPORT "cchi@cs.tu-berlin.de"
| #define PACKAGE_URL ""
| #define PACKAGE "h264_mt"
| #define VERSION "0.1"
| #define STDC_HEADERS 1
| #define HAVE_SYS_TYPES_H 1
| #define HAVE_SYS_STAT_H 1
| #define HAVE_STDLIB_H 1
| #define HAVE_STRING_H 1
| #define HAVE_MEMORY_H 1
| #define HAVE_STRINGS_H 1
| #define HAVE_INTTYPES_H 1
| #define HAVE_STDINT_H 1
| #define HAVE_UNISTD_H 1
| #define __EXTENSIONS__ 1
| #define _ALL_SOURCE 1
| #define _GNU_SOURCE 1
| #define _POSIX_PTHREAD_SEMANTICS 1
| #define _TANDEM_SOURCE 1
| #define OMPSS 0
| /* end confdefs.h.  */
| 
| /* Override any GCC internal prototype to avoid an error.
|    Use char because int might match the return type of a GCC
|    builtin and then its argument prototype would still apply.  */
| #ifdef __cplusplus
| extern "C"
| #endif
| char mutex_init ();
| int
| main ()
| {
| return mutex_init ();
|   ;
|   return 0;
| }
configure:5063: result: no
configure:5074: checking for clock_gettime in -lrt
configure:5099: gcc -o conftest.exe -g -O2   conftest.c -lrt   >&5
c:/mingw/bin/../lib/gcc/mingw32/4.6.2/../../../../mingw32/bin/ld.exe: cannot find -lrt
collect2: ld returned 1 exit status
configure:5099: $? = 1
configure: failed program was:
| /* confdefs.h */
| #define PACKAGE_NAME "h264_mt"
| #define PACKAGE_TARNAME "h264_mt"
| #define PACKAGE_VERSION "0.1"
| #define PACKAGE_STRING "h264_mt 0.1"
| #define PACKAGE_BUGREPORT "cchi@cs.tu-berlin.de"
| #define PACKAGE_URL ""
| #define PACKAGE "h264_mt"
| #define VERSION "0.1"
| #define STDC_HEADERS 1
| #define HAVE_SYS_TYPES_H 1
| #define HAVE_SYS_STAT_H 1
| #define HAVE_STDLIB_H 1
| #define HAVE_STRING_H 1
| #define HAVE_MEMORY_H 1
| #define HAVE_STRINGS_H 1
| #define HAVE_INTTYPES_H 1
| #define HAVE_STDINT_H 1
| #define HAVE_UNISTD_H 1
| #define __EXTENSIONS__ 1
| #define _ALL_SOURCE 1
| #define _GNU_SOURCE 1
| #define _POSIX_PTHREAD_SEMANTICS 1
| #define _TANDEM_SOURCE 1
| #define OMPSS 0
| /* end confdefs.h.  */
| 
| /* Override any GCC internal prototype to avoid an error.
|    Use char because int might match the return type of a GCC
|    builtin and then its argument prototype would still apply.  */
| #ifdef __cplusplus
| extern "C"
| #endif
| char clock_gettime ();
| int
| main ()
| {
| return clock_gettime ();
|   ;
|   return 0;
| }
configure:5108: result: no
configure:5281: checking for clGetPlatformIDs in -lOpenCL
configure:5306: gcc -o conftest.exe -g -O2   conftest.c -lOpenCL   >&5
c:/mingw/bin/../lib/gcc/mingw32/4.6.2/../../../../mingw32/bin/ld.exe: cannot find -lOpenCL
collect2: ld returned 1 exit status
configure:5306: $? = 1
configure: failed program was:
| /* confdefs.h */
| #define PACKAGE_NAME "h264_mt"
| #define PACKAGE_TARNAME "h264_mt"
| #define PACKAGE_VERSION "0.1"
| #define PACKAGE_STRING "h264_mt 0.1"
| #define PACKAGE_BUGREPORT "cchi@cs.tu-berlin.de"
| #define PACKAGE_URL ""
| #define PACKAGE "h264_mt"
| #define VERSION "0.1"
| #define STDC_HEADERS 1
| #define HAVE_SYS_TYPES_H 1
| #define HAVE_SYS_STAT_H 1
| #define HAVE_STDLIB_H 1
| #define HAVE_STRING_H 1
| #define HAVE_MEMORY_H 1
| #define HAVE_STRINGS_H 1
| #define HAVE_INTTYPES_H 1
| #define HAVE_STDINT_H 1
| #define HAVE_UNISTD_H 1
| #define __EXTENSIONS__ 1
| #define _ALL_SOURCE 1
| #define _GNU_SOURCE 1
| #define _POSIX_PTHREAD_SEMANTICS 1
| #define _TANDEM_SOURCE 1
| #define OMPSS 0
| /* end confdefs.h.  */
| 
| /* Override any GCC internal prototype to avoid an error.
|    Use char because int might match the return type of a GCC
|    builtin and then its argument prototype would still apply.  */
| #ifdef __cplusplus
| extern "C"
| #endif
| char clGetPlatformIDs ();
| int
| main ()
| {
| return clGetPlatformIDs ();
|   ;
|   return 0;
| }
configure:5315: result: no
configure:5403: checking for ANSI C header files
configure:5507: result: yes
configure:5518: checking for stdint.h
configure:5518: result: yes
configure:5518: checking for stdlib.h
configure:5518: result: yes
configure:5518: checking for string.h
configure:5518: result: yes
configure:5518: checking for unistd.h
configure:5518: result: yes
configure:5530: checking for an ANSI C-conforming const
configure:5595: gcc -c -g -O2  conftest.c >&5
configure:5595: $? = 0
configure:5602: result: yes
configure:5610: checking for uint32_t
configure:5610: gcc -c -g -O2  conftest.c >&5
configure:5610: $? = 0
configure:5610: result: yes
configure:5624: checking for uint64_t
configure:5624: gcc -c -g -O2  conftest.c >&5
configure:5624: $? = 0
configure:5624: result: yes
configure:5638: checking for uint8_t
configure:5638: gcc -c -g -O2  conftest.c >&5
configure:5638: $? = 0
configure:5638: result: yes
configure:5652: checking for working volatile
configure:5671: gcc -c -g -O2  conftest.c >&5
configure:5671: $? = 0
configure:5678: result: yes
configure:5686: checking whether byte ordering is bigendian
configure:5701: gcc -c -g -O2  conftest.c >&5
conftest.c:34:9: error: unknown type name 'not'
conftest.c:34:15: error: expected '=', ',', ';', 'asm' or '__attribute__' before 'universal'
conftest.c:34:15: error: unknown type name 'universal'
configure:5701: $? = 1
configure: failed program was:
| /* confdefs.h */
| #define PACKAGE_NAME "h264_mt"
| #define PACKAGE_TARNAME "h264_mt"
| #define PACKAGE_VERSION "0.1"
| #define PACKAGE_STRING "h264_mt 0.1"
| #define PACKAGE_BUGREPORT "cchi@cs.tu-berlin.de"
| #define PACKAGE_URL ""
| #define PACKAGE "h264_mt"
| #define VERSION "0.1"
| #define STDC_HEADERS 1
| #define HAVE_SYS_TYPES_H 1
| #define HAVE_SYS_STAT_H 1
| #define HAVE_STDLIB_H 1
| #define HAVE_STRING_H 1
| #define HAVE_MEMORY_H 1
| #define HAVE_STRINGS_H 1
| #define HAVE_INTTYPES_H 1
| #define HAVE_STDINT_H 1
| #define HAVE_UNISTD_H 1
| #define __EXTENSIONS__ 1
| #define _ALL_SOURCE 1
| #define _GNU_SOURCE 1
| #define _POSIX_PTHREAD_SEMANTICS 1
| #define _TANDEM_SOURCE 1
| #define OMPSS 0
| #define ARCH_NVIDIA_CUDA 0
| #define STDC_HEADERS 1
| #define HAVE_STDINT_H 1
| #define HAVE_STDLIB_H 1
| #define HAVE_STRING_H 1
| #define HAVE_UNISTD_H 1
| /* end confdefs.h.  */
| #ifndef __APPLE_CC__
| 	       not a universal capable compiler
| 	     #endif
| 	     typedef int dummy;
| 
configure:5746: gcc -c -g -O2  conftest.c >&5
configure:5746: $? = 0
configure:5764: gcc -c -g -O2  conftest.c >&5
conftest.c: In function 'main':
conftest.c:40:4: error: unknown type name 'not'
conftest.c:40:12: error: expected '=', ',', ';', 'asm' or '__attribute__' before 'endian'
configure:5764: $? = 1
configure: failed program was:
| /* confdefs.h */
| #define PACKAGE_NAME "h264_mt"
| #define PACKAGE_TARNAME "h264_mt"
| #define PACKAGE_VERSION "0.1"
| #define PACKAGE_STRING "h264_mt 0.1"
| #define PACKAGE_BUGREPORT "cchi@cs.tu-berlin.de"
| #define PACKAGE_URL ""
| #define PACKAGE "h264_mt"
| #define VERSION "0.1"
| #define STDC_HEADERS 1
| #define HAVE_SYS_TYPES_H 1
| #define HAVE_SYS_STAT_H 1
| #define HAVE_STDLIB_H 1
| #define HAVE_STRING_H 1
| #define HAVE_MEMORY_H 1
| #define HAVE_STRINGS_H 1
| #define HAVE_INTTYPES_H 1
| #define HAVE_STDINT_H 1
| #define HAVE_UNISTD_H 1
| #define __EXTENSIONS__ 1
| #define _ALL_SOURCE 1
| #define _GNU_SOURCE 1
| #define _POSIX_PTHREAD_SEMANTICS 1
| #define _TANDEM_SOURCE 1
| #define OMPSS 0
| #define ARCH_NVIDIA_CUDA 0
| #define STDC_HEADERS 1
| #define HAVE_STDINT_H 1
| #define HAVE_STDLIB_H 1
| #define HAVE_STRING_H 1
| #define HAVE_UNISTD_H 1
| /* end confdefs.h.  */
| #include <sys/types.h>
| 		#include <sys/param.h>
| 
| int
| main ()
| {
| #if BYTE_ORDER != BIG_ENDIAN
| 		 not big endian
| 		#endif
| 
|   ;
|   return 0;
| }
configure:5892: result: no
configure:5915: checking for malloc
configure:5915: gcc -o conftest.exe -g -O2   conftest.c  >&5
conftest.c:56:6: warning: conflicting types for built-in function 'malloc' [enabled by default]
configure:5915: $? = 0
configure:5915: result: yes
configure:5915: checking for realloc
configure:5915: gcc -o conftest.exe -g -O2   conftest.c  >&5
conftest.c:57:6: warning: conflicting types for built-in function 'realloc' [enabled by default]
configure:5915: $? = 0
configure:5915: result: yes
configure:5915: checking for memalign
configure:5915: gcc -o conftest.exe -g -O2   conftest.c  >&5
C:\Users\biaowang\AppData\Local\Temp\cccQUgJW.o: In function `main':
C:\MinGW\msys\1.0\home\biaowang\ffmpeg_smp\build/conftest.c:69: undefined reference to `memalign'
collect2: ld returned 1 exit status
configure:5915: $? = 1
configure: failed program was:
| /* confdefs.h */
| #define PACKAGE_NAME "h264_mt"
| #define PACKAGE_TARNAME "h264_mt"
| #define PACKAGE_VERSION "0.1"
| #define PACKAGE_STRING "h264_mt 0.1"
| #define PACKAGE_BUGREPORT "cchi@cs.tu-berlin.de"
| #define PACKAGE_URL ""
| #define PACKAGE "h264_mt"
| #define VERSION "0.1"
| #define STDC_HEADERS 1
| #define HAVE_SYS_TYPES_H 1
| #define HAVE_SYS_STAT_H 1
| #define HAVE_STDLIB_H 1
| #define HAVE_STRING_H 1
| #define HAVE_MEMORY_H 1
| #define HAVE_STRINGS_H 1
| #define HAVE_INTTYPES_H 1
| #define HAVE_STDINT_H 1
| #define HAVE_UNISTD_H 1
| #define __EXTENSIONS__ 1
| #define _ALL_SOURCE 1
| #define _GNU_SOURCE 1
| #define _POSIX_PTHREAD_SEMANTICS 1
| #define _TANDEM_SOURCE 1
| #define OMPSS 0
| #define ARCH_NVIDIA_CUDA 0
| #define STDC_HEADERS 1
| #define HAVE_STDINT_H 1
| #define HAVE_STDLIB_H 1
| #define HAVE_STRING_H 1
| #define HAVE_UNISTD_H 1
| #define HAVE_MALLOC 1
| #define HAVE_REALLOC 1
| /* end confdefs.h.  */
| /* Define memalign to an innocuous variant, in case <limits.h> declares memalign.
|    For example, HP-UX 11i <limits.h> declares gettimeofday.  */
| #define memalign innocuous_memalign
| 
| /* System header to define __stub macros and hopefully few prototypes,
|     which can conflict with char memalign (); below.
|     Prefer <limits.h> to <assert.h> if __STDC__ is defined, since
|     <limits.h> exists even on freestanding compilers.  */
| 
| #ifdef __STDC__
| # include <limits.h>
| #else
| # include <assert.h>
| #endif
| 
| #undef memalign
| 
| /* Override any GCC internal prototype to avoid an error.
|    Use char because int might match the return type of a GCC
|    builtin and then its argument prototype would still apply.  */
| #ifdef __cplusplus
| extern "C"
| #endif
| char memalign ();
| /* The GNU C library defines this for functions which it implements
|     to always fail with ENOSYS.  Some functions are actually named
|     something starting with __ and the normal name is an alias.  */
| #if defined __stub_memalign || defined __stub___memalign
| choke me
| #endif
| 
| int
| main ()
| {
| return memalign ();
|   ;
|   return 0;
| }
configure:5915: result: no
configure:5915: checking for posix_memalign
configure:5915: gcc -o conftest.exe -g -O2   conftest.c  >&5
C:\Users\biaowang\AppData\Local\Temp\cc6o06HR.o: In function `main':
C:\MinGW\msys\1.0\home\biaowang\ffmpeg_smp\build/conftest.c:69: undefined reference to `posix_memalign'
collect2: ld returned 1 exit status
configure:5915: $? = 1
configure: failed program was:
| /* confdefs.h */
| #define PACKAGE_NAME "h264_mt"
| #define PACKAGE_TARNAME "h264_mt"
| #define PACKAGE_VERSION "0.1"
| #define PACKAGE_STRING "h264_mt 0.1"
| #define PACKAGE_BUGREPORT "cchi@cs.tu-berlin.de"
| #define PACKAGE_URL ""
| #define PACKAGE "h264_mt"
| #define VERSION "0.1"
| #define STDC_HEADERS 1
| #define HAVE_SYS_TYPES_H 1
| #define HAVE_SYS_STAT_H 1
| #define HAVE_STDLIB_H 1
| #define HAVE_STRING_H 1
| #define HAVE_MEMORY_H 1
| #define HAVE_STRINGS_H 1
| #define HAVE_INTTYPES_H 1
| #define HAVE_STDINT_H 1
| #define HAVE_UNISTD_H 1
| #define __EXTENSIONS__ 1
| #define _ALL_SOURCE 1
| #define _GNU_SOURCE 1
| #define _POSIX_PTHREAD_SEMANTICS 1
| #define _TANDEM_SOURCE 1
| #define OMPSS 0
| #define ARCH_NVIDIA_CUDA 0
| #define STDC_HEADERS 1
| #define HAVE_STDINT_H 1
| #define HAVE_STDLIB_H 1
| #define HAVE_STRING_H 1
| #define HAVE_UNISTD_H 1
| #define HAVE_MALLOC 1
| #define HAVE_REALLOC 1
| /* end confdefs.h.  */
| /* Define posix_memalign to an innocuous variant, in case <limits.h> declares posix_memalign.
|    For example, HP-UX 11i <limits.h> declares gettimeofday.  */
| #define posix_memalign innocuous_posix_memalign
| 
| /* System header to define __stub macros and hopefully few prototypes,
|     which can conflict with char posix_memalign (); below.
|     Prefer <limits.h> to <assert.h> if __STDC__ is defined, since
|     <limits.h> exists even on freestanding compilers.  */
| 
| #ifdef __STDC__
| # include <limits.h>
| #else
| # include <assert.h>
| #endif
| 
| #undef posix_memalign
| 
| /* Override any GCC internal prototype to avoid an error.
|    Use char because int might match the return type of a GCC
|    builtin and then its argument prototype would still apply.  */
| #ifdef __cplusplus
| extern "C"
| #endif
| char posix_memalign ();
| /* The GNU C library defines this for functions which it implements
|     to always fail with ENOSYS.  Some functions are actually named
|     something starting with __ and the normal name is an alias.  */
| #if defined __stub_posix_memalign || defined __stub___posix_memalign
| choke me
| #endif
| 
| int
| main ()
| {
| return posix_memalign ();
|   ;
|   return 0;
| }
configure:5915: result: no
configure:5915: checking for memmove
configure:5915: gcc -o conftest.exe -g -O2   conftest.c  >&5
conftest.c:58:6: warning: conflicting types for built-in function 'memmove' [enabled by default]
configure:5915: $? = 0
configure:5915: result: yes
configure:5915: checking for memset
configure:5915: gcc -o conftest.exe -g -O2   conftest.c  >&5
conftest.c:59:6: warning: conflicting types for built-in function 'memset' [enabled by default]
configure:5915: $? = 0
configure:5915: result: yes
configure:5929: checking build system type
configure:5943: result: i686-pc-mingw32
configure:5963: checking host system type
configure:5976: result: i686-pc-mingw32
configure:5998: checking for architecture
configure:6035: result: x86
configure:6361: creating ./config.status

## ---------------------- ##
## Running config.status. ##
## ---------------------- ##

This file was extended by h264_mt config.status 0.1, which was
generated by GNU Autoconf 2.68.  Invocation command line was

  CONFIG_FILES    = 
  CONFIG_HEADERS  = 
  CONFIG_LINKS    = 
  CONFIG_COMMANDS = 
  $ ./config.status 

on apache

config.status:916: creating Makefile
config.status:916: creating libavcodec/opencl/Makefile
config.status:916: creating libavcodec/cuda/Makefile
config.status:916: creating libport/Makefile
config.status:916: creating libavutil/Makefile
config.status:916: creating libavcodec/Makefile
config.status:916: creating libavcodec/x86/Makefile
config.status:916: creating libavcodec/ppc/Makefile
config.status:916: creating libavcodec/cell/Makefile
config.status:916: creating config.h
config.status:1082: config.h is unchanged
config.status:1130: executing depfiles commands

## ---------------- ##
## Cache variables. ##
## ---------------- ##

ac_cv_build=i686-pc-mingw32
ac_cv_c_bigendian=no
ac_cv_c_compiler_gnu=yes
ac_cv_c_const=yes
ac_cv_c_uint32_t=yes
ac_cv_c_uint64_t=yes
ac_cv_c_uint8_t=yes
ac_cv_c_volatile=yes
ac_cv_env_CC_set=
ac_cv_env_CC_value=
ac_cv_env_CFLAGS_set=
ac_cv_env_CFLAGS_value=
ac_cv_env_CPPFLAGS_set=
ac_cv_env_CPPFLAGS_value=
ac_cv_env_CPP_set=
ac_cv_env_CPP_value=
ac_cv_env_LDFLAGS_set=
ac_cv_env_LDFLAGS_value=
ac_cv_env_LIBS_set=
ac_cv_env_LIBS_value=
ac_cv_env_build_alias_set=
ac_cv_env_build_alias_value=
ac_cv_env_host_alias_set=
ac_cv_env_host_alias_value=
ac_cv_env_target_alias_set=
ac_cv_env_target_alias_value=
ac_cv_exeext=.exe
ac_cv_func_malloc=yes
ac_cv_func_memalign=no
ac_cv_func_memmove=yes
ac_cv_func_memset=yes
ac_cv_func_posix_memalign=no
ac_cv_func_realloc=yes
ac_cv_header_inttypes_h=yes
ac_cv_header_memory_h=yes
ac_cv_header_minix_config_h=no
ac_cv_header_stdc=yes
ac_cv_header_stdint_h=yes
ac_cv_header_stdlib_h=yes
ac_cv_header_string_h=yes
ac_cv_header_strings_h=yes
ac_cv_header_sys_stat_h=yes
ac_cv_header_sys_types_h=yes
ac_cv_header_unistd_h=yes
ac_cv_host=i686-pc-mingw32
ac_cv_lib_OpenCL_clGetPlatformIDs=no
ac_cv_lib_pthread_pthread_yield=no
ac_cv_lib_rt_clock_gettime=no
ac_cv_lib_spe2_spe_image_open=no
ac_cv_lib_sync_mutex_init=no
ac_cv_objext=o
ac_cv_path_EGREP='/bin/grep -E'
ac_cv_path_GREP=/bin/grep
ac_cv_path_install='/bin/install -c'
ac_cv_path_mkdir=/bin/mkdir
ac_cv_prog_AWK=gawk
ac_cv_prog_CPP='gcc -E'
ac_cv_prog_ac_ct_CC=gcc
ac_cv_prog_ac_ct_RANLIB=ranlib
ac_cv_prog_cc_c89=
ac_cv_prog_cc_g=yes
ac_cv_prog_make_make_set=yes
ac_cv_safe_to_define___extensions__=yes
am_cv_CC_dependencies_compiler_type=gcc3

## ----------------- ##
## Output variables. ##
## ----------------- ##

ACLOCAL='${SHELL} /home/biaowang/ffmpeg_smp/h264dec/missing --run aclocal-1.11'
AMDEPBACKSLASH='\'
AMDEP_FALSE='#'
AMDEP_TRUE=''
AMTAR='${SHELL} /home/biaowang/ffmpeg_smp/h264dec/missing --run tar'
ARCH_SUBDIR=''
AUTOCONF='${SHELL} /home/biaowang/ffmpeg_smp/h264dec/missing --run autoconf'
AUTOHEADER='${SHELL} /home/biaowang/ffmpeg_smp/h264dec/missing --run autoheader'
AUTOMAKE='${SHELL} /home/biaowang/ffmpeg_smp/h264dec/missing --run automake-1.11'
AWK='gawk'
CC='gcc'
CCDEPMODE='depmode=gcc3'
CFLAGS='-g -O2'
CPP='gcc -E'
CPPFLAGS=''
CYGPATH_W='echo'
DEFS='-DHAVE_CONFIG_H'
DEPDIR='.deps'
ECHO_C=''
ECHO_N='-n'
ECHO_T=''
EGREP='/bin/grep -E'
EXEEXT='.exe'
GREP='/bin/grep'
HAVE_ARCH_SUBDIR_FALSE=''
HAVE_ARCH_SUBDIR_TRUE='#'
HAVE_CELL_FALSE=''
HAVE_CELL_TRUE='#'
HAVE_CUDA_FALSE=''
HAVE_CUDA_TRUE='#'
HAVE_OMPSS_FALSE=''
HAVE_OMPSS_TRUE='#'
INSTALL_DATA='${INSTALL} -m 644'
INSTALL_PROGRAM='${INSTALL}'
INSTALL_SCRIPT='${INSTALL}'
INSTALL_STRIP_PROGRAM='$(install_sh) -c -s'
LDFLAGS=''
LIBOBJS=''
LIBS=''
LTLIBOBJS=''
MAKEINFO='${SHELL} /home/biaowang/ffmpeg_smp/h264dec/missing --run makeinfo'
MKDIR_P='/bin/mkdir -p'
OBJEXT='o'
PACKAGE='h264_mt'
PACKAGE_BUGREPORT='cchi@cs.tu-berlin.de'
PACKAGE_NAME='h264_mt'
PACKAGE_STRING='h264_mt 0.1'
PACKAGE_TARNAME='h264_mt'
PACKAGE_URL=''
PACKAGE_VERSION='0.1'
PATH_SEPARATOR=':'
RANLIB='ranlib'
SET_MAKE=''
SHELL='/bin/sh'
STRIP=''
VERSION='0.1'
ac_ct_CC='gcc'
am__EXEEXT_FALSE='#'
am__EXEEXT_TRUE=''
am__fastdepCC_FALSE='#'
am__fastdepCC_TRUE=''
am__include='include'
am__isrc=' -I$(srcdir)'
am__leading_dot='.'
am__quote=''
am__tar='${AMTAR} chof - "$$tardir"'
am__untar='${AMTAR} xf -'
bindir='${exec_prefix}/bin'
build='i686-pc-mingw32'
build_alias=''
build_cpu='i686'
build_os='mingw32'
build_vendor='pc'
datadir='${datarootdir}'
datarootdir='${prefix}/share'
docdir='${datarootdir}/doc/${PACKAGE_TARNAME}'
dvidir='${docdir}'
exec_prefix='${prefix}'
host='i686-pc-mingw32'
host_alias=''
host_cpu='i686'
host_os='mingw32'
host_vendor='pc'
htmldir='${docdir}'
includedir='${prefix}/include'
infodir='${datarootdir}/info'
install_sh='${SHELL} /home/biaowang/ffmpeg_smp/h264dec/install-sh'
libdir='${exec_prefix}/lib'
libexecdir='${exec_prefix}/libexec'
localedir='${datarootdir}/locale'
localstatedir='${prefix}/var'
mandir='${datarootdir}/man'
mkdir_p='/bin/mkdir -p'
oldincludedir='/usr/include'
pdfdir='${docdir}'
prefix='/usr/local'
program_transform_name='s,x,x,'
psdir='${docdir}'
sbindir='${exec_prefix}/sbin'
sharedstatedir='${prefix}/com'
sysconfdir='${prefix}/etc'
target_alias=''

## ----------- ##
## confdefs.h. ##
## ----------- ##

/* confdefs.h */
#define PACKAGE_NAME "h264_mt"
#define PACKAGE_TARNAME "h264_mt"
#define PACKAGE_VERSION "0.1"
#define PACKAGE_STRING "h264_mt 0.1"
#define PACKAGE_BUGREPORT "cchi@cs.tu-berlin.de"
#define PACKAGE_URL ""
#define PACKAGE "h264_mt"
#define VERSION "0.1"
#define STDC_HEADERS 1
#define HAVE_SYS_TYPES_H 1
#define HAVE_SYS_STAT_H 1
#define HAVE_STDLIB_H 1
#define HAVE_STRING_H 1
#define HAVE_MEMORY_H 1
#define HAVE_STRINGS_H 1
#define HAVE_INTTYPES_H 1
#define HAVE_STDINT_H 1
#define HAVE_UNISTD_H 1
#define __EXTENSIONS__ 1
#define _ALL_SOURCE 1
#define _GNU_SOURCE 1
#define _POSIX_PTHREAD_SEMANTICS 1
#define _TANDEM_SOURCE 1
#define OMPSS 0
#define ARCH_NVIDIA_CUDA 0
#define STDC_HEADERS 1
#define HAVE_STDINT_H 1
#define HAVE_STDLIB_H 1
#define HAVE_STRING_H 1
#define HAVE_UNISTD_H 1
#define HAVE_MALLOC 1
#define HAVE_REALLOC 1
#define HAVE_MEMMOVE 1
#define HAVE_MEMSET 1
#define ARCH_ARM 0
#define ARCH_X86_32 0
#define ARCH_X86_64 0
#define ARCH_X86 ARCH_X86_32 ||ARCH_X86_64
#define ARCH_PPC 0
#define ARCH_PPC64 0
#define ARCH_CELL 0
#define ARCH_X86_32 1
#define HAVE_SSE 0
#define HAVE_MMX 0
#define HAVE_MMX2 0
#define HAVE_SSSE3 0
#define HAVE_ALTIVEC 0
#define HAVE_NEON 0
#define HAVE_NEON 0

configure: exit 0
